<?xml version="1.0" encoding="UTF-8"?>
<!-- Generated by org.testng.reporters.JUnitReportReporter -->
<testsuite hostname="ES-SYS-0134" failures="0" tests="1" name="Skillrary.testcases.TC_Login_01" time="2.241" errors="0" timestamp="2022-09-09T14:29:51 IST" skipped="0">
  <testcase classname="Skillrary.testcases.TC_Login_01" name="login" time="2.241"/>
  <system-out/>
</testsuite> <!-- Skillrary.testcases.TC_Login_01 -->
